Added Component: Designator=J10(4x 25 Pin 1.27mm Female Header)
Added Pin To Net: NetName=PD0 Pin=J10-1
Added Pin To Net: NetName=PD31 Pin=J10-2
Added Pin To Net: NetName=GND_1 Pin=J10-3
Added Pin To Net: NetName=VDDCORE_1 Pin=J10-4
Added Pin To Net: NetName=VDDIN Pin=J10-5
Added Pin To Net: NetName=GND_1 Pin=J10-6
Added Pin To Net: NetName=GND_1 Pin=J10-7
Added Pin To Net: NetName=GND_1 Pin=J10-8
Added Pin To Net: NetName=VREFP Pin=J10-9
Added Pin To Net: NetName=GND_1 Pin=J10-10
Added Pin To Net: NetName=PB1 Pin=J10-11
Added Pin To Net: NetName=PB0 Pin=J10-12
Added Pin To Net: NetName=PA20 Pin=J10-13
Added Pin To Net: NetName=PA19 Pin=J10-14
Added Pin To Net: NetName=PA18 Pin=J10-15
Added Pin To Net: NetName=PA17 Pin=J10-16
Added Pin To Net: NetName=PB2 Pin=J10-17
Added Pin To Net: NetName=VDDCORE_1 Pin=J10-18
Added Pin To Net: NetName=VDDIN Pin=J10-19
Added Pin To Net: NetName=PB3 Pin=J10-20
Added Pin To Net: NetName=PA21 Pin=J10-21
Added Pin To Net: NetName=VDDCORE_1 Pin=J10-22
Added Pin To Net: NetName=PD30 Pin=J10-23
Added Pin To Net: NetName=PA7 Pin=J10-24
Added Pin To Net: NetName=PA8 Pin=J10-25
Added Pin To Net: NetName=PA22 Pin=J10-26
Added Pin To Net: NetName=PA13 Pin=J10-27
Added Pin To Net: NetName=VDDIN Pin=J10-28
Added Pin To Net: NetName=GND_1 Pin=J10-29
Added Pin To Net: NetName=PA16 Pin=J10-30
Added Pin To Net: NetName=PA23 Pin=J10-31
Added Pin To Net: NetName=PD27 Pin=J10-32
Added Pin To Net: NetName=PA15 Pin=J10-33
Added Pin To Net: NetName=PA14 Pin=J10-34
Added Pin To Net: NetName=PD25 Pin=J10-35
Added Pin To Net: NetName=PD26 Pin=J10-36
Added Pin To Net: NetName=PD24 Pin=J10-37
Added Pin To Net: NetName=PA24 Pin=J10-38
Added Pin To Net: NetName=VDDCORE_1 Pin=J10-39
Added Pin To Net: NetName=PA25 Pin=J10-40
Added Pin To Net: NetName=PD22 Pin=J10-41
Added Pin To Net: NetName=PA26 Pin=J10-42
Added Pin To Net: NetName=PD21 Pin=J10-43
Added Pin To Net: NetName=PA11 Pin=J10-44
Added Pin To Net: NetName=PD20 Pin=J10-45
Added Pin To Net: NetName=PA10 Pin=J10-46
Added Pin To Net: NetName=PD19 Pin=J10-47
Added Pin To Net: NetName=PA12 Pin=J10-48
Added Pin To Net: NetName=PD18 Pin=J10-49
Added Pin To Net: NetName=PA27 Pin=J10-50
Added Pin To Net: NetName=PD28 Pin=J10-51
Added Pin To Net: NetName=PA5 Pin=J10-52
Added Pin To Net: NetName=PD17 Pin=J10-53
Added Pin To Net: NetName=PA9 Pin=J10-54
Added Pin To Net: NetName=PA4 Pin=J10-55
Added Pin To Net: NetName=PD16 Pin=J10-56
Added Pin To Net: NetName=PB6 Pin=J10-57
Added Pin To Net: NetName=NRST Pin=J10-58
Added Pin To Net: NetName=PD14 Pin=J10-59
Added Pin To Net: NetName=TST Pin=J10-60
Added Pin To Net: NetName=PB12 Pin=J10-61
Added Pin To Net: NetName=PD13 Pin=J10-62
Added Pin To Net: NetName=PB7 Pin=J10-63
Added Pin To Net: NetName=PA3 Pin=J10-64
Added Pin To Net: NetName=PD12 Pin=J10-65
Added Pin To Net: NetName=PA2 Pin=J10-66
Added Pin To Net: NetName=GND_1 Pin=J10-67
Added Pin To Net: NetName=VDDIN Pin=J10-68
Added Pin To Net: NetName=PD11 Pin=J10-69
Added Pin To Net: NetName=PA1 Pin=J10-70
Added Pin To Net: NetName=PD10 Pin=J10-71
Added Pin To Net: NetName=PA0 Pin=J10-72
Added Pin To Net: NetName=JTAGSEL Pin=J10-73
Added Pin To Net: NetName=PB4 Pin=J10-74
Added Pin To Net: NetName=PD15 Pin=J10-75
Added Pin To Net: NetName=VDDCORE_1 Pin=J10-76
Added Pin To Net: NetName=PB5 Pin=J10-77
Added Pin To Net: NetName=PD9 Pin=J10-78
Added Pin To Net: NetName=PA28 Pin=J10-79
Added Pin To Net: NetName=PD8 Pin=J10-80
Added Pin To Net: NetName=VDDIN Pin=J10-81
Added Pin To Net: NetName=PA30 Pin=J10-82
Added Pin To Net: NetName=PA31 Pin=J10-83
Added Pin To Net: NetName=PD7 Pin=J10-84
Added Pin To Net: NetName=PD6 Pin=J10-85
Added Pin To Net: NetName=VDDPLL Pin=J10-86
Added Pin To Net: NetName=PD5 Pin=J10-87
Added Pin To Net: NetName=PD4 Pin=J10-88
Added Pin To Net: NetName=PD3 Pin=J10-89
Added Pin To Net: NetName=VDDIN Pin=J10-90
Added Pin To Net: NetName=PD2 Pin=J10-91
Added Pin To Net: NetName=PD1 Pin=J10-92
Added Pin To Net: NetName=VDDIN Pin=J10-93
Added Pin To Net: NetName=HSDM Pin=J10-94
Added Pin To Net: NetName=HSDP Pin=J10-95
Added Pin To Net: NetName=VDDUTMIC Pin=J10-96
Added Pin To Net: NetName=VBG Pin=J10-97
Added Pin To Net: NetName=PB8 Pin=J10-98
Added Pin To Net: NetName=PB9 Pin=J10-99
Added Pin To Net: NetName=PB13 Pin=J10-100
Added Member To Class: ClassName=64 Pin Header Schematic Member=Component J10 25 Pin Female Header 1.27mm
