Add Component: Footprint Not Found FP-CL10-IPC_C
Add Component: Footprint Not Found FP-CL10-IPC_C
Add Component: Footprint Not Found FP-CL10-IPC_C
Add Component: Footprint Not Found FP-CL10-IPC_C
Add Component: Footprint Not Found FP-CL10-IPC_C
Add Component: Footprint Not Found FP-CL10-IPC_C
Add Component: Footprint Not Found FP-GRM21B-0_2-e0_2_0_7-MFG
Add Component: Footprint Not Found FP-CL10-IPC_C
Add Component: Footprint Not Found FP-CL10-IPC_C
Add Component: Footprint Not Found FP-CL10-IPC_C
Add Component: Footprint Not Found FP-CL10-IPC_C
Add Component: Footprint Not Found FP-CL10-IPC_C
Add Component: Footprint Not Found FP-C1608-080-0_1-IPC_B
Add Component: Footprint Not Found FP-CL10-IPC_C
Add Component: Footprint Not Found FP-CL10-IPC_C
Add Component: Footprint Not Found FP-CMD15-21-MFG
Add Component: Footprint Not Found FP-CMD15-21-MFG
Add Component: Footprint Not Found FP-CMD15-21-MFG
Add Component: Footprint Not Found FP-CMD15-21-MFG
Add Component: Footprint Not Found FP-BLM18-0_15-t0_8-IPC_A
Add Component: Footprint Not Found FP-BLM18-0_15-t0_8-IPC_A
Add Component: Footprint Not Found CONN6_061LFBN-RC_SUL
Add Component: Footprint Not Found CONN_PPTC081LFBN-RC_SUL
Add Component: Footprint Not Found CONN_3220-10-0100-00_CNC
Add Component: Footprint Not Found MOLX-39-53-2204
Added Component: Designator=J5(FP-B3B-XH-AM_LF_SN-MFG)
Added Component: Designator=J6(FP-B3B-XH-AM_LF_SN-MFG)
Added Component: Designator=J7(FP-B3B-XH-AM_LF_SN-MFG)
Added Component: Designator=J8(FP-B3B-XH-AM_LF_SN-MFG)
Added Component: Designator=J9(FP-B3B-XH-AM_LF_SN-MFG)
Add Component: Footprint Not Found 61300211121
Add Component: Footprint Not Found 61300211121
Add Component: Footprint Not Found ONSC-TO-92-3-29-11
Add Component: Footprint Not Found ONSC-TO-92-3-29-11
Add Component: Footprint Not Found ONSC-TO-92-3-29-11
Add Component: Footprint Not Found ONSC-TO-92-3-29-11
Add Component: Footprint Not Found ONSC-TO-92-3-29-11
Add Component: Footprint Not Found FP-ESR03-IPC_A
Add Component: Footprint Not Found FP-ESR03-IPC_A
Add Component: Footprint Not Found FP-ESR03-IPC_A
Add Component: Footprint Not Found FP-ESR03-IPC_A
Add Component: Footprint Not Found FP-ESR03-IPC_A
Add Component: Footprint Not Found FP-ESR03-IPC_A
Add Component: Footprint Not Found FP-ESR03-IPC_A
Add Component: Footprint Not Found FP-ESR03-IPC_A
Add Component: Footprint Not Found FP-ESR03-MFG
Add Component: Footprint Not Found FP-ESR03-MFG
Add Component: Footprint Not Found FP-ESR03-MFG
Add Component: Footprint Not Found FP-ESR03-MFG
Add Component: Footprint Not Found FP-ESR03-IPC_A
Add Component: Footprint Not Found FP-ESR03-IPC_A
Add Component: Footprint Not Found FP-ESR03-IPC_A
Add Component: Footprint Not Found FP-ESR03-IPC_A
Add Component: Footprint Not Found FP-ESR03-IPC_A
Add Component: Footprint Not Found FP-ESR03-MFG
Add Component: Footprint Not Found FP-ESR03-MFG
Add Component: Footprint Not Found FP-ESR03-MFG
Add Component: Footprint Not Found FP-ESR03-MFG
Add Component: Footprint Not Found FP-ESR03-MFG
Add Component: Footprint Not Found FP-ESR03-MFG
Add Component: Footprint Not Found FP-ESR03-MFG
Add Component: Footprint Not Found FP-ESR03-MFG
Add Component: Footprint Not Found FP-ESR03-MFG
Add Component: Footprint Not Found FP-ESR03-MFG
Add Component: Footprint Not Found FP-219-8MSTR-MFG
Add Pin To Net: Unknown Pin: Pin C1-1
Add Pin To Net: Unknown Pin: Pin C1-2
Add Pin To Net: Unknown Pin: Pin C2-1
Add Pin To Net: Unknown Pin: Pin C2-2
Add Pin To Net: Unknown Pin: Pin C3-1
Add Pin To Net: Unknown Pin: Pin C3-2
Add Pin To Net: Unknown Pin: Pin C4-1
Add Pin To Net: Unknown Pin: Pin C4-2
Add Pin To Net: Unknown Pin: Pin C5-1
Add Pin To Net: Unknown Pin: Pin C5-2
Add Pin To Net: Unknown Pin: Pin C6-1
Add Pin To Net: Unknown Pin: Pin C6-2
Add Pin To Net: Unknown Pin: Pin C7-1
Add Pin To Net: Unknown Pin: Pin C7-2
Add Pin To Net: Unknown Pin: Pin C8-1
Add Pin To Net: Unknown Pin: Pin C8-2
Add Pin To Net: Unknown Pin: Pin C9-1
Add Pin To Net: Unknown Pin: Pin C9-2
Add Pin To Net: Unknown Pin: Pin C10-1
Add Pin To Net: Unknown Pin: Pin C10-2
Add Pin To Net: Unknown Pin: Pin C11-1
Add Pin To Net: Unknown Pin: Pin C11-2
Add Pin To Net: Unknown Pin: Pin C12-1
Add Pin To Net: Unknown Pin: Pin C12-2
Add Pin To Net: Unknown Pin: Pin C13-1
Add Pin To Net: Unknown Pin: Pin C13-2
Add Pin To Net: Unknown Pin: Pin C14-1
Add Pin To Net: Unknown Pin: Pin C14-2
Add Pin To Net: Unknown Pin: Pin C15-1
Add Pin To Net: Unknown Pin: Pin C15-2
Add Pin To Net: Unknown Pin: Pin D1-1
Add Pin To Net: Unknown Pin: Pin D1-2
Add Pin To Net: Unknown Pin: Pin D2-1
Add Pin To Net: Unknown Pin: Pin D2-2
Add Pin To Net: Unknown Pin: Pin D3-1
Add Pin To Net: Unknown Pin: Pin D3-2
Add Pin To Net: Unknown Pin: Pin D4-1
Add Pin To Net: Unknown Pin: Pin D4-2
Add Pin To Net: Unknown Pin: Pin FB1-1
Add Pin To Net: Unknown Pin: Pin FB1-2
Add Pin To Net: Unknown Pin: Pin FB2-1
Add Pin To Net: Unknown Pin: Pin FB2-2
Add Pin To Net: Unknown Pin: Pin J1-1
Add Pin To Net: Unknown Pin: Pin J1-3
Add Pin To Net: Unknown Pin: Pin J1-4
Add Pin To Net: Unknown Pin: Pin J1-5
Add Pin To Net: Unknown Pin: Pin J1-6
Add Pin To Net: Unknown Pin: Pin J1-10
Add Pin To Net: Unknown Pin: Pin J2-1
Add Pin To Net: Unknown Pin: Pin J2-2
Add Pin To Net: Unknown Pin: Pin J2-3
Add Pin To Net: Unknown Pin: Pin J2-4
Add Pin To Net: Unknown Pin: Pin J2-5
Add Pin To Net: Unknown Pin: Pin J2-6
Add Pin To Net: Unknown Pin: Pin J2-7
Add Pin To Net: Unknown Pin: Pin J2-8
Add Pin To Net: Unknown Pin: Pin J3-1
Add Pin To Net: Unknown Pin: Pin J3-2
Add Pin To Net: Unknown Pin: Pin J3-3
Add Pin To Net: Unknown Pin: Pin J3-6
Add Pin To Net: Unknown Pin: Pin J3-7
Add Pin To Net: Unknown Pin: Pin J3-9
Add Pin To Net: Unknown Pin: Pin J3-10
Add Pin To Net: Unknown Pin: Pin J4-1
Add Pin To Net: Unknown Pin: Pin J4-2
Add Pin To Net: Unknown Pin: Pin J4-3
Add Pin To Net: Unknown Pin: Pin J4-4
Add Pin To Net: Unknown Pin: Pin J4-5
Add Pin To Net: Unknown Pin: Pin J4-6
Add Pin To Net: Unknown Pin: Pin J4-7
Add Pin To Net: Unknown Pin: Pin J4-11
Add Pin To Net: Unknown Pin: Pin J4-12
Add Pin To Net: Unknown Pin: Pin J4-13
Add Pin To Net: Unknown Pin: Pin J4-14
Add Pin To Net: Unknown Pin: Pin J4-16
Add Pin To Net: Unknown Pin: Pin J4-17
Add Pin To Net: Unknown Pin: Pin J4-18
Add Pin To Net: Unknown Pin: Pin J4-19
Add Pin To Net: Unknown Pin: Pin J4-20
Add Pin To Net: Unknown Pin: Pin J5-1
Add Pin To Net: Unknown Pin: Pin J5-3
Add Pin To Net: Unknown Pin: Pin J6-1
Add Pin To Net: Unknown Pin: Pin J6-3
Add Pin To Net: Unknown Pin: Pin J7-1
Add Pin To Net: Unknown Pin: Pin J7-3
Add Pin To Net: Unknown Pin: Pin J8-1
Add Pin To Net: Unknown Pin: Pin J8-3
Add Pin To Net: Unknown Pin: Pin J9-1
Add Pin To Net: Unknown Pin: Pin J9-3
Add Pin To Net: Unknown Pin: Pin P1-1
Add Pin To Net: Unknown Pin: Pin P1-2
Add Pin To Net: Unknown Pin: Pin P2-1
Add Pin To Net: Unknown Pin: Pin P2-2
Add Pin To Net: Unknown Pin: Pin Q1-1
Add Pin To Net: Unknown Pin: Pin Q1-2
Add Pin To Net: Unknown Pin: Pin Q1-3
Add Pin To Net: Unknown Pin: Pin Q2-1
Add Pin To Net: Unknown Pin: Pin Q2-2
Add Pin To Net: Unknown Pin: Pin Q2-3
Add Pin To Net: Unknown Pin: Pin Q3-1
Add Pin To Net: Unknown Pin: Pin Q3-2
Add Pin To Net: Unknown Pin: Pin Q3-3
Add Pin To Net: Unknown Pin: Pin Q4-1
Add Pin To Net: Unknown Pin: Pin Q4-2
Add Pin To Net: Unknown Pin: Pin Q4-3
Add Pin To Net: Unknown Pin: Pin Q5-1
Add Pin To Net: Unknown Pin: Pin Q5-2
Add Pin To Net: Unknown Pin: Pin Q5-3
Add Pin To Net: Unknown Pin: Pin R1-1
Add Pin To Net: Unknown Pin: Pin R1-2
Add Pin To Net: Unknown Pin: Pin R2-1
Add Pin To Net: Unknown Pin: Pin R2-2
Add Pin To Net: Unknown Pin: Pin R3-1
Add Pin To Net: Unknown Pin: Pin R3-2
Add Pin To Net: Unknown Pin: Pin R4-1
Add Pin To Net: Unknown Pin: Pin R4-2
Add Pin To Net: Unknown Pin: Pin R5-1
Add Pin To Net: Unknown Pin: Pin R5-2
Add Pin To Net: Unknown Pin: Pin R6-1
Add Pin To Net: Unknown Pin: Pin R6-2
Add Pin To Net: Unknown Pin: Pin R7-1
Add Pin To Net: Unknown Pin: Pin R7-2
Add Pin To Net: Unknown Pin: Pin R8-1
Add Pin To Net: Unknown Pin: Pin R8-2
Add Pin To Net: Unknown Pin: Pin R9-1
Add Pin To Net: Unknown Pin: Pin R9-2
Add Pin To Net: Unknown Pin: Pin R10-1
Add Pin To Net: Unknown Pin: Pin R10-2
Add Pin To Net: Unknown Pin: Pin R11-1
Add Pin To Net: Unknown Pin: Pin R11-2
Add Pin To Net: Unknown Pin: Pin R12-1
Add Pin To Net: Unknown Pin: Pin R12-2
Add Pin To Net: Unknown Pin: Pin R13-1
Add Pin To Net: Unknown Pin: Pin R13-2
Add Pin To Net: Unknown Pin: Pin R14-1
Add Pin To Net: Unknown Pin: Pin R14-2
Add Pin To Net: Unknown Pin: Pin R15-1
Add Pin To Net: Unknown Pin: Pin R15-2
Add Pin To Net: Unknown Pin: Pin R16-1
Add Pin To Net: Unknown Pin: Pin R16-2
Add Pin To Net: Unknown Pin: Pin R17-1
Add Pin To Net: Unknown Pin: Pin R17-2
Add Pin To Net: Unknown Pin: Pin R18-1
Add Pin To Net: Unknown Pin: Pin R18-2
Add Pin To Net: Unknown Pin: Pin R19-1
Add Pin To Net: Unknown Pin: Pin R19-2
Add Pin To Net: Unknown Pin: Pin R20-1
Add Pin To Net: Unknown Pin: Pin R20-2
Add Pin To Net: Unknown Pin: Pin R21-1
Add Pin To Net: Unknown Pin: Pin R21-2
Add Pin To Net: Unknown Pin: Pin R22-1
Add Pin To Net: Unknown Pin: Pin R22-2
Add Pin To Net: Unknown Pin: Pin R23-1
Add Pin To Net: Unknown Pin: Pin R23-2
Add Pin To Net: Unknown Pin: Pin R24-1
Add Pin To Net: Unknown Pin: Pin R24-2
Add Pin To Net: Unknown Pin: Pin R25-1
Add Pin To Net: Unknown Pin: Pin R25-2
Add Pin To Net: Unknown Pin: Pin R26-1
Add Pin To Net: Unknown Pin: Pin R26-2
Add Pin To Net: Unknown Pin: Pin R27-1
Add Pin To Net: Unknown Pin: Pin R27-2
Add Pin To Net: Unknown Pin: Pin SW1-1
Add Pin To Net: Unknown Pin: Pin SW1-2
Add Pin To Net: Unknown Pin: Pin SW1-3
Add Pin To Net: Unknown Pin: Pin SW1-4
Add Pin To Net: Unknown Pin: Pin SW1-5
Add Pin To Net: Unknown Pin: Pin SW1-6
Add Pin To Net: Unknown Pin: Pin SW1-7
Add Pin To Net: Unknown Pin: Pin SW1-8
Add Pin To Net: Unknown Pin: Pin SW1-9
Add Pin To Net: Unknown Pin: Pin SW1-10
Add Pin To Net: Unknown Pin: Pin SW1-11
Add Pin To Net: Unknown Pin: Pin SW1-12
Add Pin To Net: Unknown Pin: Pin SW1-13
Add Pin To Net: Unknown Pin: Pin SW1-14
Add Pin To Net: Unknown Pin: Pin SW1-15
Add Pin To Net: Unknown Pin: Pin SW1-16
Add Class Member: Failed to add class member : Component C1 100nF
Add Class Member: Failed to add class member : Component C2 100nF
Add Class Member: Failed to add class member : Component C3 100nF
Add Class Member: Failed to add class member : Component C4 100nF
Add Class Member: Failed to add class member : Component C5 100nF
Add Class Member: Failed to add class member : Component C6 100nF
Add Class Member: Failed to add class member : Component C7 10uF
Add Class Member: Failed to add class member : Component C8 100nF
Add Class Member: Failed to add class member : Component C9 100nF
Add Class Member: Failed to add class member : Component C10 100nF
Add Class Member: Failed to add class member : Component C11 100nF
Add Class Member: Failed to add class member : Component C12 100nF
Add Class Member: Failed to add class member : Component C13 1uF
Add Class Member: Failed to add class member : Component C14 100nF
Add Class Member: Failed to add class member : Component C15 100nF
Add Class Member: Failed to add class member : Component D1 LED
Add Class Member: Failed to add class member : Component D2 LED
Add Class Member: Failed to add class member : Component D3 LED
Add Class Member: Failed to add class member : Component D4 LED
Add Class Member: Failed to add class member : Component FB1 407R @ 100Mhz
Add Class Member: Failed to add class member : Component FB2 407R @ 100Mhz
Add Class Member: Failed to add class member : Component J1 BNO085 Header
Add Class Member: Failed to add class member : Component J2 nRF24L01+ Header
Add Class Member: Failed to add class member : Component J3 SWD Header
Add Class Member: Failed to add class member : Component J4 20 pin MOLEX 39-53-2204
Add Class Member: Failed to add class member : Component J5 JST XH-3A
Add Class Member: Failed to add class member : Component J6 JST XH-3A
Add Class Member: Failed to add class member : Component J7 JST XH-3A
Add Class Member: Failed to add class member : Component J8 JST XH-3A
Add Class Member: Failed to add class member : Component J9 JST XH-3A
Add Class Member: Failed to add class member : Component P1 61300211121
Add Class Member: Failed to add class member : Component P2 61300211121
Add Class Member: Failed to add class member : Component Q1 BS170
Add Class Member: Failed to add class member : Component Q2 BS170
Add Class Member: Failed to add class member : Component Q3 BS170
Add Class Member: Failed to add class member : Component Q4 BS170
Add Class Member: Failed to add class member : Component Q5 BS170
Add Class Member: Failed to add class member : Component R1 1k
Add Class Member: Failed to add class member : Component R2 1k
Add Class Member: Failed to add class member : Component R3 1k
Add Class Member: Failed to add class member : Component R4 1k
Add Class Member: Failed to add class member : Component R5 1k
Add Class Member: Failed to add class member : Component R6 1k
Add Class Member: Failed to add class member : Component R7 1k
Add Class Member: Failed to add class member : Component R8 1k
Add Class Member: Failed to add class member : Component R9 220R
Add Class Member: Failed to add class member : Component R10 220R
Add Class Member: Failed to add class member : Component R11 220R
Add Class Member: Failed to add class member : Component R12 220R
Add Class Member: Failed to add class member : Component R13 1k
Add Class Member: Failed to add class member : Component R14 1k
Add Class Member: Failed to add class member : Component R15 330R
Add Class Member: Failed to add class member : Component R16 330R
Add Class Member: Failed to add class member : Component R17 330R
Add Class Member: Failed to add class member : Component R18 220k
Add Class Member: Failed to add class member : Component R19 220k
Add Class Member: Failed to add class member : Component R20 220k
Add Class Member: Failed to add class member : Component R21 220k
Add Class Member: Failed to add class member : Component R22 220k
Add Class Member: Failed to add class member : Component R23 220k
Add Class Member: Failed to add class member : Component R24 220k
Add Class Member: Failed to add class member : Component R25 220k
Add Class Member: Failed to add class member : Component R26 220k
Add Class Member: Failed to add class member : Component R27 220k
Add Class Member: Failed to add class member : Component SW1 DP SWTCH
