Added Component: Designator=J10(25 Pin 1.27mm Female Header)
Added Component: Designator=J11(25 Pin 1.27mm Female Header)
Added Component: Designator=J12(25 Pin 1.27mm Female Header)
Added Component: Designator=J13(25 Pin 1.27mm Female Header)
Added Pin To Net: NetName=PD0 Pin=J10-1
Added Pin To Net: NetName=PD31 Pin=J10-2
Added Pin To Net: NetName=GND_1 Pin=J10-3
Added Pin To Net: NetName=VDDCORE_1 Pin=J10-4
Added Pin To Net: NetName=VDDIN Pin=J10-5
Added Pin To Net: NetName=GND_1 Pin=J10-6
Added Pin To Net: NetName=GND_1 Pin=J10-7
Added Pin To Net: NetName=GND_1 Pin=J10-8
Added Pin To Net: NetName=VREFP Pin=J10-9
Added Pin To Net: NetName=GND_1 Pin=J10-10
Added Pin To Net: NetName=PB1 Pin=J10-11
Added Pin To Net: NetName=PB0 Pin=J10-12
Added Pin To Net: NetName=PA20 Pin=J10-13
Added Pin To Net: NetName=PA19 Pin=J10-14
Added Pin To Net: NetName=PA18 Pin=J10-15
Added Pin To Net: NetName=PA17 Pin=J10-16
Added Pin To Net: NetName=PB2 Pin=J10-17
Added Pin To Net: NetName=VDDCORE_1 Pin=J10-18
Added Pin To Net: NetName=VDDIN Pin=J10-19
Added Pin To Net: NetName=PB3 Pin=J10-20
Added Pin To Net: NetName=PA21 Pin=J10-21
Added Pin To Net: NetName=VDDCORE_1 Pin=J10-22
Added Pin To Net: NetName=PD30 Pin=J10-23
Added Pin To Net: NetName=PA7 Pin=J10-24
Added Pin To Net: NetName=PA8 Pin=J10-25
Added Pin To Net: NetName=PA22 Pin=J11-1
Added Pin To Net: NetName=PA13 Pin=J11-2
Added Pin To Net: NetName=VDDIN Pin=J11-3
Added Pin To Net: NetName=GND_1 Pin=J11-4
Added Pin To Net: NetName=PA16 Pin=J11-5
Added Pin To Net: NetName=PA23 Pin=J11-6
Added Pin To Net: NetName=PD27 Pin=J11-7
Added Pin To Net: NetName=PA15 Pin=J11-8
Added Pin To Net: NetName=PA14 Pin=J11-9
Added Pin To Net: NetName=PD25 Pin=J11-10
Added Pin To Net: NetName=PD26 Pin=J11-11
Added Pin To Net: NetName=PD24 Pin=J11-12
Added Pin To Net: NetName=PA24 Pin=J11-13
Added Pin To Net: NetName=VDDCORE_1 Pin=J11-14
Added Pin To Net: NetName=PA25 Pin=J11-15
Added Pin To Net: NetName=PD22 Pin=J11-16
Added Pin To Net: NetName=PA26 Pin=J11-17
Added Pin To Net: NetName=PD21 Pin=J11-18
Added Pin To Net: NetName=PA11 Pin=J11-19
Added Pin To Net: NetName=PD20 Pin=J11-20
Added Pin To Net: NetName=PA10 Pin=J11-21
Added Pin To Net: NetName=PD19 Pin=J11-22
Added Pin To Net: NetName=PA12 Pin=J11-23
Added Pin To Net: NetName=PD18 Pin=J11-24
Added Pin To Net: NetName=PA27 Pin=J11-25
Added Pin To Net: NetName=PD28 Pin=J12-1
Added Pin To Net: NetName=PA5 Pin=J12-2
Added Pin To Net: NetName=PD17 Pin=J12-3
Added Pin To Net: NetName=PA9 Pin=J12-4
Added Pin To Net: NetName=PA4 Pin=J12-5
Added Pin To Net: NetName=PD16 Pin=J12-6
Added Pin To Net: NetName=PB6 Pin=J12-7
Added Pin To Net: NetName=NRST Pin=J12-8
Added Pin To Net: NetName=PD14 Pin=J12-9
Added Pin To Net: NetName=TST Pin=J12-10
Added Pin To Net: NetName=PB12 Pin=J12-11
Added Pin To Net: NetName=PD13 Pin=J12-12
Added Pin To Net: NetName=PB7 Pin=J12-13
Added Pin To Net: NetName=PA3 Pin=J12-14
Added Pin To Net: NetName=PD12 Pin=J12-15
Added Pin To Net: NetName=PA2 Pin=J12-16
Added Pin To Net: NetName=GND_1 Pin=J12-17
Added Pin To Net: NetName=VDDIN Pin=J12-18
Added Pin To Net: NetName=PD11 Pin=J12-19
Added Pin To Net: NetName=PA1 Pin=J12-20
Added Pin To Net: NetName=PD10 Pin=J12-21
Added Pin To Net: NetName=PA0 Pin=J12-22
Added Pin To Net: NetName=JTAGSEL Pin=J12-23
Added Pin To Net: NetName=PB4 Pin=J12-24
Added Pin To Net: NetName=PD15 Pin=J12-25
Added Pin To Net: NetName=VDDCORE_1 Pin=J13-1
Added Pin To Net: NetName=PB5 Pin=J13-2
Added Pin To Net: NetName=PD9 Pin=J13-3
Added Pin To Net: NetName=PA28 Pin=J13-4
Added Pin To Net: NetName=PD8 Pin=J13-5
Added Pin To Net: NetName=VDDIN Pin=J13-6
Added Pin To Net: NetName=PA30 Pin=J13-7
Added Pin To Net: NetName=PA31 Pin=J13-8
Added Pin To Net: NetName=PD7 Pin=J13-9
Added Pin To Net: NetName=PD6 Pin=J13-10
Added Pin To Net: NetName=VDDPLL Pin=J13-11
Added Pin To Net: NetName=PD5 Pin=J13-12
Added Pin To Net: NetName=PD4 Pin=J13-13
Added Pin To Net: NetName=PD3 Pin=J13-14
Added Pin To Net: NetName=VDDIN Pin=J13-15
Added Pin To Net: NetName=PD2 Pin=J13-16
Added Pin To Net: NetName=PD1 Pin=J13-17
Added Pin To Net: NetName=VDDIN Pin=J13-18
Added Pin To Net: NetName=HSDM Pin=J13-19
Added Pin To Net: NetName=HSDP Pin=J13-20
Added Pin To Net: NetName=VDDUTMIC Pin=J13-21
Added Pin To Net: NetName=VBG Pin=J13-22
Added Pin To Net: NetName=PB8 Pin=J13-23
Added Pin To Net: NetName=PB9 Pin=J13-24
Added Pin To Net: NetName=PB13 Pin=J13-25
Added Member To Class: ClassName=Circuit Schematics Member=Component J6 JST XH-3A
Added Member To Class: ClassName=64 Pin Header Schematic Member=Component J10 25 Pin Female Header 1.27mm
Added Member To Class: ClassName=64 Pin Header Schematic Member=Component J11 25 Pin Female Header 1.27mm
Added Member To Class: ClassName=64 Pin Header Schematic Member=Component J12 25 Pin Female Header 1.27mm
Added Member To Class: ClassName=64 Pin Header Schematic Member=Component J13 25 Pin Female Header 1.27mm
