Removed Pin From Net: NetName=GND_1 Pin=J5-3
Removed Pin From Net: NetName=GND_1 Pin=J6-3
Removed Pin From Net: NetName=GND_1 Pin=J7-3
Removed Pin From Net: NetName=GND_1 Pin=J8-3
Removed Pin From Net: NetName=GND_1 Pin=J9-3
Removed Pin From Net: NetName=GND_1 Pin=Q1-1
Removed Pin From Net: NetName=GND_1 Pin=Q2-1
Removed Pin From Net: NetName=GND_1 Pin=Q3-1
Removed Pin From Net: NetName=GND_1 Pin=Q4-1
Removed Pin From Net: NetName=GND_1 Pin=Q5-1
Removed Pin From Net: NetName=GND_1 Pin=R18-2
Removed Pin From Net: NetName=GND_1 Pin=R20-2
Removed Pin From Net: NetName=GND_1 Pin=R22-2
Removed Pin From Net: NetName=GND_1 Pin=R24-2
Removed Pin From Net: NetName=GND_1 Pin=R26-2
Added Pin To Net: NetName=NetJ5_3 Pin=J5-3
Added Pin To Net: NetName=NetJ5_3 Pin=Q1-1
Added Pin To Net: NetName=NetJ5_3 Pin=R18-2
Added Net: Name=NetJ5_3
Added Pin To Net: NetName=NetJ6_3 Pin=J6-3
Added Pin To Net: NetName=NetJ6_3 Pin=Q2-1
Added Pin To Net: NetName=NetJ6_3 Pin=R20-2
Added Net: Name=NetJ6_3
Added Pin To Net: NetName=NetJ7_3 Pin=J7-3
Added Pin To Net: NetName=NetJ7_3 Pin=Q3-1
Added Pin To Net: NetName=NetJ7_3 Pin=R22-2
Added Net: Name=NetJ7_3
Added Pin To Net: NetName=NetJ8_3 Pin=J8-3
Added Pin To Net: NetName=NetJ8_3 Pin=Q4-1
Added Pin To Net: NetName=NetJ8_3 Pin=R24-2
Added Net: Name=NetJ8_3
Added Pin To Net: NetName=NetJ9_3 Pin=J9-3
Added Pin To Net: NetName=NetJ9_3 Pin=Q5-1
Added Pin To Net: NetName=NetJ9_3 Pin=R26-2
Added Net: Name=NetJ9_3
