Added Component: Designator=C1(FP-CL10-IPC_C)
Added Component: Designator=C2(FP-CL10-IPC_C)
Added Component: Designator=C3(FP-CL10-IPC_C)
Added Component: Designator=C4(FP-CL10-IPC_C)
Added Component: Designator=C5(FP-CL10-IPC_C)
Added Component: Designator=C6(FP-CL10-IPC_C)
Added Component: Designator=C7(FP-GRM21B-0_2-e0_2_0_7-MFG)
Added Component: Designator=C8(FP-CL10-IPC_C)
Added Component: Designator=C9(FP-CL10-IPC_C)
Added Component: Designator=C10(FP-CL10-IPC_C)
Added Component: Designator=C11(FP-CL10-IPC_C)
Added Component: Designator=C12(FP-CL10-IPC_C)
Added Component: Designator=C13(FP-C1608-080-0_1-IPC_B)
Added Component: Designator=C14(FP-CL10-IPC_C)
Added Component: Designator=C15(FP-CL10-IPC_C)
Added Component: Designator=D1(FP-CMD15-21-MFG)
Added Component: Designator=D2(FP-CMD15-21-MFG)
Added Component: Designator=D3(FP-CMD15-21-MFG)
Added Component: Designator=D4(FP-CMD15-21-MFG)
Added Component: Designator=FB1(FP-BLM18-0_15-t0_8-IPC_A)
Added Component: Designator=FB2(FP-BLM18-0_15-t0_8-IPC_A)
Added Component: Designator=J1(CONN6_061LFBN-RC_SUL)
Added Component: Designator=J2(CONN_PPTC081LFBN-RC_SUL)
Added Component: Designator=J3(CONN_3220-10-0100-00_CNC)
Added Component: Designator=J4(MOLX-39-53-2204)
Added Component: Designator=J5(FP-B3B-XH-AM_LF_SN-MFG)
Add component (AddParameter): Name = "Color"; Value = "Natural"; VariantName = "[No Variations]"
Add component (AddParameter): Name = "Connector Type"; Value = "Male Pin"; VariantName = "[No Variations]"
Add component (AddParameter): Name = "Contact Material"; Value = "Brass"; VariantName = "[No Variations]"
Add component (AddParameter): Name = "Contact Plating"; Value = "Tin"; VariantName = "[No Variations]"
Add component (AddParameter): Name = "Contact Resistance"; Value = "20mR"; VariantName = "[No Variations]"
Add component (AddParameter): Name = "Contact Type"; Value = "Male Pin"; VariantName = "[No Variations]"
Add component (AddParameter): Name = "Depth"; Value = "5.75mm"; VariantName = "[No Variations]"
Add component (AddParameter): Name = "Fastening Type"; Value = "Detent"; VariantName = "[No Variations]"
Add component (AddParameter): Name = "Gender"; Value = "Male"; VariantName = "[No Variations]"
Add component (AddParameter): Name = "Housing Color"; Value = "White"; VariantName = "[No Variations]"
Add component (AddParameter): Name = "Housing Material"; Value = "Polyamide"; VariantName = "[No Variations]"
Add component (AddParameter): Name = "Lead Free"; Value = "Lead Free"; VariantName = "[No Variations]"
Add component (AddParameter): Name = "Length"; Value = "9.9mm"; VariantName = "[No Variations]"
Add component (AddParameter): Name = "Max Current Rating"; Value = "3A"; VariantName = "[No Variations]"
Add component (AddParameter): Name = "Max Operating Temperature"; Value = "85°C"; VariantName = "[No Variations]"
Add component (AddParameter): Name = "Max Voltage Rating (AC)"; Value = "250V"; VariantName = "[No Variations]"
Add component (AddParameter): Name = "Min Operating Temperature"; Value = "-25°C"; VariantName = "[No Variations]"
Add component (AddParameter): Name = "Mount"; Value = "Through Hole"; VariantName = "[No Variations]"
Add component (AddParameter): Name = "Number of Positions"; Value = "3"; VariantName = "[No Variations]"
Add component (AddParameter): Name = "Number of Rows"; Value = "1"; VariantName = "[No Variations]"
Add component (AddParameter): Name = "Orientation"; Value = "Straight"; VariantName = "[No Variations]"
Add component (AddParameter): Name = "Packaging"; Value = "Bulk"; VariantName = "[No Variations]"
Add component (AddParameter): Name = "Pitch"; Value = "0.098inch"; VariantName = "[No Variations]"
Add component (AddParameter): Name = "Series"; Value = "XH"; VariantName = "[No Variations]"
Add component (AddParameter): Name = "Termination"; Value = "Press-Fit"; VariantName = "[No Variations]"
Added Component: Designator=J6(FP-B3B-XH-AM_LF_SN-MFG)
Add component (AddParameter): Name = "Color"; Value = "Natural"; VariantName = "[No Variations]"
Add component (AddParameter): Name = "Connector Type"; Value = "Male Pin"; VariantName = "[No Variations]"
Add component (AddParameter): Name = "Contact Material"; Value = "Brass"; VariantName = "[No Variations]"
Add component (AddParameter): Name = "Contact Plating"; Value = "Tin"; VariantName = "[No Variations]"
Add component (AddParameter): Name = "Contact Resistance"; Value = "20mR"; VariantName = "[No Variations]"
Add component (AddParameter): Name = "Contact Type"; Value = "Male Pin"; VariantName = "[No Variations]"
Add component (AddParameter): Name = "Depth"; Value = "5.75mm"; VariantName = "[No Variations]"
Add component (AddParameter): Name = "Fastening Type"; Value = "Detent"; VariantName = "[No Variations]"
Add component (AddParameter): Name = "Gender"; Value = "Male"; VariantName = "[No Variations]"
Add component (AddParameter): Name = "Housing Color"; Value = "White"; VariantName = "[No Variations]"
Add component (AddParameter): Name = "Housing Material"; Value = "Polyamide"; VariantName = "[No Variations]"
Add component (AddParameter): Name = "Lead Free"; Value = "Lead Free"; VariantName = "[No Variations]"
Add component (AddParameter): Name = "Length"; Value = "9.9mm"; VariantName = "[No Variations]"
Add component (AddParameter): Name = "Max Current Rating"; Value = "3A"; VariantName = "[No Variations]"
Add component (AddParameter): Name = "Max Operating Temperature"; Value = "85°C"; VariantName = "[No Variations]"
Add component (AddParameter): Name = "Max Voltage Rating (AC)"; Value = "250V"; VariantName = "[No Variations]"
Add component (AddParameter): Name = "Min Operating Temperature"; Value = "-25°C"; VariantName = "[No Variations]"
Add component (AddParameter): Name = "Mount"; Value = "Through Hole"; VariantName = "[No Variations]"
Add component (AddParameter): Name = "Number of Positions"; Value = "3"; VariantName = "[No Variations]"
Add component (AddParameter): Name = "Number of Rows"; Value = "1"; VariantName = "[No Variations]"
Add component (AddParameter): Name = "Orientation"; Value = "Straight"; VariantName = "[No Variations]"
Add component (AddParameter): Name = "Packaging"; Value = "Bulk"; VariantName = "[No Variations]"
Add component (AddParameter): Name = "Pitch"; Value = "0.098inch"; VariantName = "[No Variations]"
Add component (AddParameter): Name = "Series"; Value = "XH"; VariantName = "[No Variations]"
Add component (AddParameter): Name = "Termination"; Value = "Press-Fit"; VariantName = "[No Variations]"
Added Component: Designator=J7(FP-B3B-XH-AM_LF_SN-MFG)
Add component (AddParameter): Name = "Color"; Value = "Natural"; VariantName = "[No Variations]"
Add component (AddParameter): Name = "Connector Type"; Value = "Male Pin"; VariantName = "[No Variations]"
Add component (AddParameter): Name = "Contact Material"; Value = "Brass"; VariantName = "[No Variations]"
Add component (AddParameter): Name = "Contact Plating"; Value = "Tin"; VariantName = "[No Variations]"
Add component (AddParameter): Name = "Contact Resistance"; Value = "20mR"; VariantName = "[No Variations]"
Add component (AddParameter): Name = "Contact Type"; Value = "Male Pin"; VariantName = "[No Variations]"
Add component (AddParameter): Name = "Depth"; Value = "5.75mm"; VariantName = "[No Variations]"
Add component (AddParameter): Name = "Fastening Type"; Value = "Detent"; VariantName = "[No Variations]"
Add component (AddParameter): Name = "Gender"; Value = "Male"; VariantName = "[No Variations]"
Add component (AddParameter): Name = "Housing Color"; Value = "White"; VariantName = "[No Variations]"
Add component (AddParameter): Name = "Housing Material"; Value = "Polyamide"; VariantName = "[No Variations]"
Add component (AddParameter): Name = "Lead Free"; Value = "Lead Free"; VariantName = "[No Variations]"
Add component (AddParameter): Name = "Length"; Value = "9.9mm"; VariantName = "[No Variations]"
Add component (AddParameter): Name = "Max Current Rating"; Value = "3A"; VariantName = "[No Variations]"
Add component (AddParameter): Name = "Max Operating Temperature"; Value = "85°C"; VariantName = "[No Variations]"
Add component (AddParameter): Name = "Max Voltage Rating (AC)"; Value = "250V"; VariantName = "[No Variations]"
Add component (AddParameter): Name = "Min Operating Temperature"; Value = "-25°C"; VariantName = "[No Variations]"
Add component (AddParameter): Name = "Mount"; Value = "Through Hole"; VariantName = "[No Variations]"
Add component (AddParameter): Name = "Number of Positions"; Value = "3"; VariantName = "[No Variations]"
Add component (AddParameter): Name = "Number of Rows"; Value = "1"; VariantName = "[No Variations]"
Add component (AddParameter): Name = "Orientation"; Value = "Straight"; VariantName = "[No Variations]"
Add component (AddParameter): Name = "Packaging"; Value = "Bulk"; VariantName = "[No Variations]"
Add component (AddParameter): Name = "Pitch"; Value = "0.098inch"; VariantName = "[No Variations]"
Add component (AddParameter): Name = "Series"; Value = "XH"; VariantName = "[No Variations]"
Add component (AddParameter): Name = "Termination"; Value = "Press-Fit"; VariantName = "[No Variations]"
Added Component: Designator=J8(FP-B3B-XH-AM_LF_SN-MFG)
Add component (AddParameter): Name = "Color"; Value = "Natural"; VariantName = "[No Variations]"
Add component (AddParameter): Name = "Connector Type"; Value = "Male Pin"; VariantName = "[No Variations]"
Add component (AddParameter): Name = "Contact Material"; Value = "Brass"; VariantName = "[No Variations]"
Add component (AddParameter): Name = "Contact Plating"; Value = "Tin"; VariantName = "[No Variations]"
Add component (AddParameter): Name = "Contact Resistance"; Value = "20mR"; VariantName = "[No Variations]"
Add component (AddParameter): Name = "Contact Type"; Value = "Male Pin"; VariantName = "[No Variations]"
Add component (AddParameter): Name = "Depth"; Value = "5.75mm"; VariantName = "[No Variations]"
Add component (AddParameter): Name = "Fastening Type"; Value = "Detent"; VariantName = "[No Variations]"
Add component (AddParameter): Name = "Gender"; Value = "Male"; VariantName = "[No Variations]"
Add component (AddParameter): Name = "Housing Color"; Value = "White"; VariantName = "[No Variations]"
Add component (AddParameter): Name = "Housing Material"; Value = "Polyamide"; VariantName = "[No Variations]"
Add component (AddParameter): Name = "Lead Free"; Value = "Lead Free"; VariantName = "[No Variations]"
Add component (AddParameter): Name = "Length"; Value = "9.9mm"; VariantName = "[No Variations]"
Add component (AddParameter): Name = "Max Current Rating"; Value = "3A"; VariantName = "[No Variations]"
Add component (AddParameter): Name = "Max Operating Temperature"; Value = "85°C"; VariantName = "[No Variations]"
Add component (AddParameter): Name = "Max Voltage Rating (AC)"; Value = "250V"; VariantName = "[No Variations]"
Add component (AddParameter): Name = "Min Operating Temperature"; Value = "-25°C"; VariantName = "[No Variations]"
Add component (AddParameter): Name = "Mount"; Value = "Through Hole"; VariantName = "[No Variations]"
Add component (AddParameter): Name = "Number of Positions"; Value = "3"; VariantName = "[No Variations]"
Add component (AddParameter): Name = "Number of Rows"; Value = "1"; VariantName = "[No Variations]"
Add component (AddParameter): Name = "Orientation"; Value = "Straight"; VariantName = "[No Variations]"
Add component (AddParameter): Name = "Packaging"; Value = "Bulk"; VariantName = "[No Variations]"
Add component (AddParameter): Name = "Pitch"; Value = "0.098inch"; VariantName = "[No Variations]"
Add component (AddParameter): Name = "Series"; Value = "XH"; VariantName = "[No Variations]"
Add component (AddParameter): Name = "Termination"; Value = "Press-Fit"; VariantName = "[No Variations]"
Added Component: Designator=J9(FP-B3B-XH-AM_LF_SN-MFG)
Add component (AddParameter): Name = "Color"; Value = "Natural"; VariantName = "[No Variations]"
Add component (AddParameter): Name = "Connector Type"; Value = "Male Pin"; VariantName = "[No Variations]"
Add component (AddParameter): Name = "Contact Material"; Value = "Brass"; VariantName = "[No Variations]"
Add component (AddParameter): Name = "Contact Plating"; Value = "Tin"; VariantName = "[No Variations]"
Add component (AddParameter): Name = "Contact Resistance"; Value = "20mR"; VariantName = "[No Variations]"
Add component (AddParameter): Name = "Contact Type"; Value = "Male Pin"; VariantName = "[No Variations]"
Add component (AddParameter): Name = "Depth"; Value = "5.75mm"; VariantName = "[No Variations]"
Add component (AddParameter): Name = "Fastening Type"; Value = "Detent"; VariantName = "[No Variations]"
Add component (AddParameter): Name = "Gender"; Value = "Male"; VariantName = "[No Variations]"
Add component (AddParameter): Name = "Housing Color"; Value = "White"; VariantName = "[No Variations]"
Add component (AddParameter): Name = "Housing Material"; Value = "Polyamide"; VariantName = "[No Variations]"
Add component (AddParameter): Name = "Lead Free"; Value = "Lead Free"; VariantName = "[No Variations]"
Add component (AddParameter): Name = "Length"; Value = "9.9mm"; VariantName = "[No Variations]"
Add component (AddParameter): Name = "Max Current Rating"; Value = "3A"; VariantName = "[No Variations]"
Add component (AddParameter): Name = "Max Operating Temperature"; Value = "85°C"; VariantName = "[No Variations]"
Add component (AddParameter): Name = "Max Voltage Rating (AC)"; Value = "250V"; VariantName = "[No Variations]"
Add component (AddParameter): Name = "Min Operating Temperature"; Value = "-25°C"; VariantName = "[No Variations]"
Add component (AddParameter): Name = "Mount"; Value = "Through Hole"; VariantName = "[No Variations]"
Add component (AddParameter): Name = "Number of Positions"; Value = "3"; VariantName = "[No Variations]"
Add component (AddParameter): Name = "Number of Rows"; Value = "1"; VariantName = "[No Variations]"
Add component (AddParameter): Name = "Orientation"; Value = "Straight"; VariantName = "[No Variations]"
Add component (AddParameter): Name = "Packaging"; Value = "Bulk"; VariantName = "[No Variations]"
Add component (AddParameter): Name = "Pitch"; Value = "0.098inch"; VariantName = "[No Variations]"
Add component (AddParameter): Name = "Series"; Value = "XH"; VariantName = "[No Variations]"
Add component (AddParameter): Name = "Termination"; Value = "Press-Fit"; VariantName = "[No Variations]"
Added Component: Designator=J10(SAMTEC-SSW-150-02-X-D)
Added Component: Designator=P1(61300211121)
Added Component: Designator=P2(61300211121)
Added Component: Designator=Q1(ONSC-TO-92-3-29-11)
Added Component: Designator=Q2(ONSC-TO-92-3-29-11)
Added Component: Designator=Q3(ONSC-TO-92-3-29-11)
Added Component: Designator=Q4(ONSC-TO-92-3-29-11)
Added Component: Designator=Q5(ONSC-TO-92-3-29-11)
Added Component: Designator=R1(FP-ESR03-IPC_A)
Added Component: Designator=R2(FP-ESR03-IPC_A)
Added Component: Designator=R3(FP-ESR03-IPC_A)
Added Component: Designator=R4(FP-ESR03-IPC_A)
Added Component: Designator=R5(FP-ESR03-IPC_A)
Added Component: Designator=R6(FP-ESR03-IPC_A)
Added Component: Designator=R7(FP-ESR03-IPC_A)
Added Component: Designator=R8(FP-ESR03-IPC_A)
Added Component: Designator=R9(FP-ESR03-MFG)
Added Component: Designator=R10(FP-ESR03-MFG)
Added Component: Designator=R11(FP-ESR03-MFG)
Added Component: Designator=R12(FP-ESR03-MFG)
Added Component: Designator=R13(FP-ESR03-IPC_A)
Added Component: Designator=R14(FP-ESR03-IPC_A)
Added Component: Designator=R15(FP-ESR03-IPC_A)
Added Component: Designator=R16(FP-ESR03-IPC_A)
Added Component: Designator=R17(FP-ESR03-IPC_A)
Added Component: Designator=R18(FP-ESR03-MFG)
Added Component: Designator=R19(FP-ESR03-MFG)
Added Component: Designator=R20(FP-ESR03-MFG)
Added Component: Designator=R21(FP-ESR03-MFG)
Added Component: Designator=R22(FP-ESR03-MFG)
Added Component: Designator=R23(FP-ESR03-MFG)
Added Component: Designator=R24(FP-ESR03-MFG)
Added Component: Designator=R25(FP-ESR03-MFG)
Added Component: Designator=R26(FP-ESR03-MFG)
Added Component: Designator=R27(FP-ESR03-MFG)
Added Component: Designator=SW1(FP-219-8MSTR-MFG)
Add Pin To Net: Unknown Pin: Pin C1-1
Add Pin To Net: Unknown Pin: Pin C1-2
Add Pin To Net: Unknown Pin: Pin C2-1
Add Pin To Net: Unknown Pin: Pin C2-2
Add Pin To Net: Unknown Pin: Pin C3-1
Add Pin To Net: Unknown Pin: Pin C3-2
Add Pin To Net: Unknown Pin: Pin C4-1
Add Pin To Net: Unknown Pin: Pin C4-2
Add Pin To Net: Unknown Pin: Pin C5-1
Add Pin To Net: Unknown Pin: Pin C5-2
Add Pin To Net: Unknown Pin: Pin C6-1
Add Pin To Net: Unknown Pin: Pin C6-2
Add Pin To Net: Unknown Pin: Pin C7-1
Add Pin To Net: Unknown Pin: Pin C7-2
Add Pin To Net: Unknown Pin: Pin C8-1
Add Pin To Net: Unknown Pin: Pin C8-2
Add Pin To Net: Unknown Pin: Pin C9-1
Add Pin To Net: Unknown Pin: Pin C9-2
Add Pin To Net: Unknown Pin: Pin C10-1
Add Pin To Net: Unknown Pin: Pin C10-2
Add Pin To Net: Unknown Pin: Pin C11-1
Add Pin To Net: Unknown Pin: Pin C11-2
Add Pin To Net: Unknown Pin: Pin C12-1
Add Pin To Net: Unknown Pin: Pin C12-2
Add Pin To Net: Unknown Pin: Pin C13-1
Add Pin To Net: Unknown Pin: Pin C13-2
Add Pin To Net: Unknown Pin: Pin C14-1
Add Pin To Net: Unknown Pin: Pin C14-2
Add Pin To Net: Unknown Pin: Pin C15-1
Add Pin To Net: Unknown Pin: Pin C15-2
Add Pin To Net: Unknown Pin: Pin D1-1
Add Pin To Net: Unknown Pin: Pin D1-2
Add Pin To Net: Unknown Pin: Pin D2-1
Add Pin To Net: Unknown Pin: Pin D2-2
Add Pin To Net: Unknown Pin: Pin D3-1
Add Pin To Net: Unknown Pin: Pin D3-2
Add Pin To Net: Unknown Pin: Pin D4-1
Add Pin To Net: Unknown Pin: Pin D4-2
Add Pin To Net: Unknown Pin: Pin FB1-1
Add Pin To Net: Unknown Pin: Pin FB1-2
Add Pin To Net: Unknown Pin: Pin FB2-1
Add Pin To Net: Unknown Pin: Pin FB2-2
Add Pin To Net: Unknown Pin: Pin J1-1
Add Pin To Net: Unknown Pin: Pin J1-3
Add Pin To Net: Unknown Pin: Pin J1-4
Add Pin To Net: Unknown Pin: Pin J1-5
Add Pin To Net: Unknown Pin: Pin J1-6
Add Pin To Net: Unknown Pin: Pin J1-10
Add Pin To Net: Unknown Pin: Pin J2-1
Add Pin To Net: Unknown Pin: Pin J2-2
Add Pin To Net: Unknown Pin: Pin J2-3
Add Pin To Net: Unknown Pin: Pin J2-4
Add Pin To Net: Unknown Pin: Pin J2-5
Add Pin To Net: Unknown Pin: Pin J2-6
Add Pin To Net: Unknown Pin: Pin J2-7
Add Pin To Net: Unknown Pin: Pin J2-8
Add Pin To Net: Unknown Pin: Pin J3-1
Add Pin To Net: Unknown Pin: Pin J3-2
Add Pin To Net: Unknown Pin: Pin J3-3
Add Pin To Net: Unknown Pin: Pin J3-6
Add Pin To Net: Unknown Pin: Pin J3-7
Add Pin To Net: Unknown Pin: Pin J3-9
Add Pin To Net: Unknown Pin: Pin J3-10
Add Pin To Net: Unknown Pin: Pin J4-1
Add Pin To Net: Unknown Pin: Pin J4-2
Add Pin To Net: Unknown Pin: Pin J4-3
Add Pin To Net: Unknown Pin: Pin J4-4
Add Pin To Net: Unknown Pin: Pin J4-5
Add Pin To Net: Unknown Pin: Pin J4-6
Add Pin To Net: Unknown Pin: Pin J4-7
Add Pin To Net: Unknown Pin: Pin J4-11
Add Pin To Net: Unknown Pin: Pin J4-12
Add Pin To Net: Unknown Pin: Pin J4-13
Add Pin To Net: Unknown Pin: Pin J4-14
Add Pin To Net: Unknown Pin: Pin J4-16
Add Pin To Net: Unknown Pin: Pin J4-17
Add Pin To Net: Unknown Pin: Pin J4-18
Add Pin To Net: Unknown Pin: Pin J4-19
Add Pin To Net: Unknown Pin: Pin J4-20
Added Pin To Net: NetName=GND_1 Pin=J5-1
Added Pin To Net: NetName=GND_1 Pin=J5-3
Added Pin To Net: NetName=GND_1 Pin=J6-1
Added Pin To Net: NetName=GND_1 Pin=J6-3
Added Pin To Net: NetName=GND_1 Pin=J7-1
Added Pin To Net: NetName=GND_1 Pin=J7-3
Added Pin To Net: NetName=GND_1 Pin=J8-1
Added Pin To Net: NetName=GND_1 Pin=J8-3
Added Pin To Net: NetName=GND_1 Pin=J9-1
Added Pin To Net: NetName=GND_1 Pin=J9-3
Add Pin To Net: Unknown Pin: Pin J10-1
Add Pin To Net: Unknown Pin: Pin J10-2
Add Pin To Net: Unknown Pin: Pin J10-3
Add Pin To Net: Unknown Pin: Pin J10-4
Add Pin To Net: Unknown Pin: Pin J10-5
Add Pin To Net: Unknown Pin: Pin J10-6
Add Pin To Net: Unknown Pin: Pin J10-7
Add Pin To Net: Unknown Pin: Pin J10-8
Add Pin To Net: Unknown Pin: Pin J10-9
Add Pin To Net: Unknown Pin: Pin J10-10
Add Pin To Net: Unknown Pin: Pin J10-11
Add Pin To Net: Unknown Pin: Pin J10-12
Add Pin To Net: Unknown Pin: Pin J10-13
Add Pin To Net: Unknown Pin: Pin J10-14
Add Pin To Net: Unknown Pin: Pin J10-15
Add Pin To Net: Unknown Pin: Pin J10-16
Add Pin To Net: Unknown Pin: Pin J10-17
Add Pin To Net: Unknown Pin: Pin J10-18
Add Pin To Net: Unknown Pin: Pin J10-19
Add Pin To Net: Unknown Pin: Pin J10-20
Add Pin To Net: Unknown Pin: Pin J10-21
Add Pin To Net: Unknown Pin: Pin J10-22
Add Pin To Net: Unknown Pin: Pin J10-23
Add Pin To Net: Unknown Pin: Pin J10-24
Add Pin To Net: Unknown Pin: Pin J10-25
Add Pin To Net: Unknown Pin: Pin J10-26
Add Pin To Net: Unknown Pin: Pin J10-27
Add Pin To Net: Unknown Pin: Pin J10-28
Add Pin To Net: Unknown Pin: Pin J10-29
Add Pin To Net: Unknown Pin: Pin J10-30
Add Pin To Net: Unknown Pin: Pin J10-31
Add Pin To Net: Unknown Pin: Pin J10-32
Add Pin To Net: Unknown Pin: Pin J10-33
Add Pin To Net: Unknown Pin: Pin J10-34
Add Pin To Net: Unknown Pin: Pin J10-35
Add Pin To Net: Unknown Pin: Pin J10-36
Add Pin To Net: Unknown Pin: Pin J10-37
Add Pin To Net: Unknown Pin: Pin J10-38
Add Pin To Net: Unknown Pin: Pin J10-39
Add Pin To Net: Unknown Pin: Pin J10-40
Add Pin To Net: Unknown Pin: Pin J10-41
Add Pin To Net: Unknown Pin: Pin J10-42
Add Pin To Net: Unknown Pin: Pin J10-43
Add Pin To Net: Unknown Pin: Pin J10-44
Add Pin To Net: Unknown Pin: Pin J10-45
Add Pin To Net: Unknown Pin: Pin J10-46
Add Pin To Net: Unknown Pin: Pin J10-47
Add Pin To Net: Unknown Pin: Pin J10-48
Add Pin To Net: Unknown Pin: Pin J10-49
Add Pin To Net: Unknown Pin: Pin J10-50
Add Pin To Net: Unknown Pin: Pin J10-51
Add Pin To Net: Unknown Pin: Pin J10-52
Add Pin To Net: Unknown Pin: Pin J10-53
Add Pin To Net: Unknown Pin: Pin J10-54
Add Pin To Net: Unknown Pin: Pin J10-55
Add Pin To Net: Unknown Pin: Pin J10-56
Add Pin To Net: Unknown Pin: Pin J10-57
Add Pin To Net: Unknown Pin: Pin J10-58
Add Pin To Net: Unknown Pin: Pin J10-59
Add Pin To Net: Unknown Pin: Pin J10-60
Add Pin To Net: Unknown Pin: Pin J10-61
Add Pin To Net: Unknown Pin: Pin J10-62
Add Pin To Net: Unknown Pin: Pin J10-63
Add Pin To Net: Unknown Pin: Pin J10-64
Add Pin To Net: Unknown Pin: Pin J10-65
Add Pin To Net: Unknown Pin: Pin J10-66
Add Pin To Net: Unknown Pin: Pin J10-67
Add Pin To Net: Unknown Pin: Pin J10-68
Add Pin To Net: Unknown Pin: Pin J10-69
Add Pin To Net: Unknown Pin: Pin J10-70
Add Pin To Net: Unknown Pin: Pin J10-71
Add Pin To Net: Unknown Pin: Pin J10-72
Add Pin To Net: Unknown Pin: Pin J10-73
Add Pin To Net: Unknown Pin: Pin J10-74
Add Pin To Net: Unknown Pin: Pin J10-75
Add Pin To Net: Unknown Pin: Pin J10-76
Add Pin To Net: Unknown Pin: Pin J10-77
Add Pin To Net: Unknown Pin: Pin J10-78
Add Pin To Net: Unknown Pin: Pin J10-79
Add Pin To Net: Unknown Pin: Pin J10-80
Add Pin To Net: Unknown Pin: Pin J10-81
Add Pin To Net: Unknown Pin: Pin J10-82
Add Pin To Net: Unknown Pin: Pin J10-83
Add Pin To Net: Unknown Pin: Pin J10-84
Add Pin To Net: Unknown Pin: Pin J10-85
Add Pin To Net: Unknown Pin: Pin J10-86
Add Pin To Net: Unknown Pin: Pin J10-87
Add Pin To Net: Unknown Pin: Pin J10-88
Add Pin To Net: Unknown Pin: Pin J10-89
Add Pin To Net: Unknown Pin: Pin J10-90
Add Pin To Net: Unknown Pin: Pin J10-91
Add Pin To Net: Unknown Pin: Pin J10-92
Add Pin To Net: Unknown Pin: Pin J10-93
Add Pin To Net: Unknown Pin: Pin J10-94
Add Pin To Net: Unknown Pin: Pin J10-95
Add Pin To Net: Unknown Pin: Pin J10-96
Add Pin To Net: Unknown Pin: Pin J10-97
Add Pin To Net: Unknown Pin: Pin J10-98
Add Pin To Net: Unknown Pin: Pin J10-99
Add Pin To Net: Unknown Pin: Pin J10-100
Add Pin To Net: Unknown Pin: Pin P1-1
Add Pin To Net: Unknown Pin: Pin P1-2
Add Pin To Net: Unknown Pin: Pin P2-1
Add Pin To Net: Unknown Pin: Pin P2-2
Add Pin To Net: Unknown Pin: Pin Q1-1
Add Pin To Net: Unknown Pin: Pin Q1-2
Add Pin To Net: Unknown Pin: Pin Q1-3
Add Pin To Net: Unknown Pin: Pin Q2-1
Add Pin To Net: Unknown Pin: Pin Q2-2
Add Pin To Net: Unknown Pin: Pin Q2-3
Add Pin To Net: Unknown Pin: Pin Q3-1
Add Pin To Net: Unknown Pin: Pin Q3-2
Add Pin To Net: Unknown Pin: Pin Q3-3
Add Pin To Net: Unknown Pin: Pin Q4-1
Add Pin To Net: Unknown Pin: Pin Q4-2
Add Pin To Net: Unknown Pin: Pin Q4-3
Add Pin To Net: Unknown Pin: Pin Q5-1
Add Pin To Net: Unknown Pin: Pin Q5-2
Add Pin To Net: Unknown Pin: Pin Q5-3
Add Pin To Net: Unknown Pin: Pin R1-1
Add Pin To Net: Unknown Pin: Pin R1-2
Add Pin To Net: Unknown Pin: Pin R2-1
Add Pin To Net: Unknown Pin: Pin R2-2
Add Pin To Net: Unknown Pin: Pin R3-1
Add Pin To Net: Unknown Pin: Pin R3-2
Add Pin To Net: Unknown Pin: Pin R4-1
Add Pin To Net: Unknown Pin: Pin R4-2
Add Pin To Net: Unknown Pin: Pin R5-1
Add Pin To Net: Unknown Pin: Pin R5-2
Add Pin To Net: Unknown Pin: Pin R6-1
Add Pin To Net: Unknown Pin: Pin R6-2
Add Pin To Net: Unknown Pin: Pin R7-1
Add Pin To Net: Unknown Pin: Pin R7-2
Add Pin To Net: Unknown Pin: Pin R8-1
Add Pin To Net: Unknown Pin: Pin R8-2
Add Pin To Net: Unknown Pin: Pin R9-1
Add Pin To Net: Unknown Pin: Pin R9-2
Add Pin To Net: Unknown Pin: Pin R10-1
Add Pin To Net: Unknown Pin: Pin R10-2
Add Pin To Net: Unknown Pin: Pin R11-1
Add Pin To Net: Unknown Pin: Pin R11-2
Add Pin To Net: Unknown Pin: Pin R12-1
Add Pin To Net: Unknown Pin: Pin R12-2
Add Pin To Net: Unknown Pin: Pin R13-1
Add Pin To Net: Unknown Pin: Pin R13-2
Add Pin To Net: Unknown Pin: Pin R14-1
Add Pin To Net: Unknown Pin: Pin R14-2
Add Pin To Net: Unknown Pin: Pin R15-1
Add Pin To Net: Unknown Pin: Pin R15-2
Add Pin To Net: Unknown Pin: Pin R16-1
Add Pin To Net: Unknown Pin: Pin R16-2
Add Pin To Net: Unknown Pin: Pin R17-1
Add Pin To Net: Unknown Pin: Pin R17-2
Add Pin To Net: Unknown Pin: Pin R18-1
Add Pin To Net: Unknown Pin: Pin R18-2
Add Pin To Net: Unknown Pin: Pin R19-1
Add Pin To Net: Unknown Pin: Pin R19-2
Add Pin To Net: Unknown Pin: Pin R20-1
Add Pin To Net: Unknown Pin: Pin R20-2
Add Pin To Net: Unknown Pin: Pin R21-1
Add Pin To Net: Unknown Pin: Pin R21-2
Add Pin To Net: Unknown Pin: Pin R22-1
Add Pin To Net: Unknown Pin: Pin R22-2
Add Pin To Net: Unknown Pin: Pin R23-1
Add Pin To Net: Unknown Pin: Pin R23-2
Add Pin To Net: Unknown Pin: Pin R24-1
Add Pin To Net: Unknown Pin: Pin R24-2
Add Pin To Net: Unknown Pin: Pin R25-1
Add Pin To Net: Unknown Pin: Pin R25-2
Add Pin To Net: Unknown Pin: Pin R26-1
Add Pin To Net: Unknown Pin: Pin R26-2
Add Pin To Net: Unknown Pin: Pin R27-1
Add Pin To Net: Unknown Pin: Pin R27-2
Add Pin To Net: Unknown Pin: Pin SW1-1
Add Pin To Net: Unknown Pin: Pin SW1-2
Add Pin To Net: Unknown Pin: Pin SW1-3
Add Pin To Net: Unknown Pin: Pin SW1-4
Add Pin To Net: Unknown Pin: Pin SW1-5
Add Pin To Net: Unknown Pin: Pin SW1-6
Add Pin To Net: Unknown Pin: Pin SW1-7
Add Pin To Net: Unknown Pin: Pin SW1-8
Add Pin To Net: Unknown Pin: Pin SW1-9
Add Pin To Net: Unknown Pin: Pin SW1-10
Add Pin To Net: Unknown Pin: Pin SW1-11
Add Pin To Net: Unknown Pin: Pin SW1-12
Add Pin To Net: Unknown Pin: Pin SW1-13
Add Pin To Net: Unknown Pin: Pin SW1-14
Add Pin To Net: Unknown Pin: Pin SW1-15
Add Pin To Net: Unknown Pin: Pin SW1-16
Added Class: Name=64 Pin Header Schematic
Add Class Member: Failed to add class member : Component C1 100nF
Add Class Member: Failed to add class member : Component C2 100nF
Add Class Member: Failed to add class member : Component C3 100nF
Add Class Member: Failed to add class member : Component C4 100nF
Add Class Member: Failed to add class member : Component C5 100nF
Add Class Member: Failed to add class member : Component C6 100nF
Add Class Member: Failed to add class member : Component C7 10uF
Add Class Member: Failed to add class member : Component C8 100nF
Add Class Member: Failed to add class member : Component C9 100nF
Add Class Member: Failed to add class member : Component C10 100nF
Add Class Member: Failed to add class member : Component C11 100nF
Add Class Member: Failed to add class member : Component C12 100nF
Add Class Member: Failed to add class member : Component C13 1uF
Add Class Member: Failed to add class member : Component C14 100nF
Add Class Member: Failed to add class member : Component C15 100nF
Add Class Member: Failed to add class member : Component D1 LED
Add Class Member: Failed to add class member : Component D2 LED
Add Class Member: Failed to add class member : Component D3 LED
Add Class Member: Failed to add class member : Component D4 LED
Add Class Member: Failed to add class member : Component FB1 407R @ 100Mhz
Add Class Member: Failed to add class member : Component FB2 407R @ 100Mhz
Add Class Member: Failed to add class member : Component J1 BNO085 Header
Add Class Member: Failed to add class member : Component J2 nRF24L01+ Header
Add Class Member: Failed to add class member : Component J3 SWD Header
Add Class Member: Failed to add class member : Component J4 20 pin MOLEX 39-53-2204
Added Member To Class: ClassName=Circuit Schematics Member=Component J5 JST XH-3A
Added Member To Class: ClassName=Circuit Schematics Member=Component J6 JST XH-3A
Added Member To Class: ClassName=Circuit Schematics Member=Component J7 JST XH-3A
Added Member To Class: ClassName=Circuit Schematics Member=Component J8 JST XH-3A
Added Member To Class: ClassName=Circuit Schematics Member=Component J9 JST XH-3A
Add Class Member: Failed to add class member : Component P1 61300211121
Add Class Member: Failed to add class member : Component P2 61300211121
Add Class Member: Failed to add class member : Component Q1 BS170
Add Class Member: Failed to add class member : Component Q2 BS170
Add Class Member: Failed to add class member : Component Q3 BS170
Add Class Member: Failed to add class member : Component Q4 BS170
Add Class Member: Failed to add class member : Component Q5 BS170
Add Class Member: Failed to add class member : Component R1 1k
Add Class Member: Failed to add class member : Component R2 1k
Add Class Member: Failed to add class member : Component R3 1k
Add Class Member: Failed to add class member : Component R4 1k
Add Class Member: Failed to add class member : Component R5 1k
Add Class Member: Failed to add class member : Component R6 1k
Add Class Member: Failed to add class member : Component R7 1k
Add Class Member: Failed to add class member : Component R8 1k
Add Class Member: Failed to add class member : Component R9 220R
Add Class Member: Failed to add class member : Component R10 220R
Add Class Member: Failed to add class member : Component R11 220R
Add Class Member: Failed to add class member : Component R12 220R
Add Class Member: Failed to add class member : Component R13 1k
Add Class Member: Failed to add class member : Component R14 1k
Add Class Member: Failed to add class member : Component R15 330R
Add Class Member: Failed to add class member : Component R16 330R
Add Class Member: Failed to add class member : Component R17 330R
Add Class Member: Failed to add class member : Component R18 220k
Add Class Member: Failed to add class member : Component R19 220k
Add Class Member: Failed to add class member : Component R20 220k
Add Class Member: Failed to add class member : Component R21 220k
Add Class Member: Failed to add class member : Component R22 220k
Add Class Member: Failed to add class member : Component R23 220k
Add Class Member: Failed to add class member : Component R24 220k
Add Class Member: Failed to add class member : Component R25 220k
Add Class Member: Failed to add class member : Component R26 220k
Add Class Member: Failed to add class member : Component R27 220k
Add Class Member: Failed to add class member : Component SW1 DP SWTCH
Added Room: Name=64 Pin Header Schematic
